<?xml version="1.0" encoding="utf-8"?>
<test-run id="2" testcasecount="20" result="Passed" total="20" passed="20" failed="0" inconclusive="0" skipped="0" asserts="0" engine-version="3.5.0.0" clr-version="4.0.30319.42000" start-time="2026-06-16 17:46:12Z" end-time="2026-06-16 17:46:12Z" duration="0.0331662">
  <test-suite type="TestSuite" id="1000" name="Scrap Waves" fullname="Scrap Waves" runstate="Runnable" testcasecount="22" result="Passed" start-time="2026-06-16 17:46:12Z" end-time="2026-06-16 17:46:12Z" duration="0.033166" total="20" passed="20" failed="0" inconclusive="0" skipped="0" asserts="0">
    <properties>
      <property name="platform" value="EditMode" />
    </properties>
    <test-suite type="Assembly" id="1030" name="Assembly-CSharp-Editor.dll" fullname="C:/Users/franc/OneDrive/Documentos/GitHub/ScrapWaves/Library/ScriptAssemblies/Assembly-CSharp-Editor.dll" runstate="Runnable" testcasecount="22" result="Passed" start-time="2026-06-16 17:46:12Z" end-time="2026-06-16 17:46:12Z" duration="0.028347" total="20" passed="20" failed="0" inconclusive="0" skipped="0" asserts="0">
      <properties>
        <property name="_PID" value="59916" />
        <property name="_APPDOMAIN" value="Unity Child Domain" />
        <property name="platform" value="EditMode" />
        <property name="EditorOnly" value="True" />
      </properties>
      <test-suite type="TestFixture" id="1001" name="AutomaticCannonFireLogicTests" fullname="AutomaticCannonFireLogicTests" classname="AutomaticCannonFireLogicTests" runstate="Runnable" testcasecount="5" result="Passed" start-time="2026-06-16 17:46:12Z" end-time="2026-06-16 17:46:12Z" duration="0.020226" total="5" passed="5" failed="0" inconclusive="0" skipped="0" asserts="0">
        <properties />
        <test-case id="1005" name="ApplyProjectileScatter_HorizontalSampleChangesYawWithinSpread" fullname="AutomaticCannonFireLogicTests.ApplyProjectileScatter_HorizontalSampleChangesYawWithinSpread" methodname="ApplyProjectileScatter_HorizontalSampleChangesYawWithinSpread" classname="AutomaticCannonFireLogicTests" runstate="Runnable" seed="475292233" result="Passed" start-time="2026-06-16 17:46:12Z" end-time="2026-06-16 17:46:12Z" duration="0.010600" asserts="0">
          <properties>
            <property name="retryIteration" value="0" />
            <property name="repeatIteration" value="0" />
          </properties>
        </test-case>
        <test-case id="1006" name="ApplyProjectileScatter_VerticalSampleChangesPitchWithinSpread" fullname="AutomaticCannonFireLogicTests.ApplyProjectileScatter_VerticalSampleChangesPitchWithinSpread" methodname="ApplyProjectileScatter_VerticalSampleChangesPitchWithinSpread" classname="AutomaticCannonFireLogicTests" runstate="Runnable" seed="1007913243" result="Passed" start-time="2026-06-16 17:46:12Z" end-time="2026-06-16 17:46:12Z" duration="0.000262" asserts="0">
          <properties>
            <property name="retryIteration" value="0" />
            <property name="repeatIteration" value="0" />
          </properties>
        </test-case>
        <test-case id="1004" name="ApplyProjectileScatter_WithZeroSpreadPreservesDirection" fullname="AutomaticCannonFireLogicTests.ApplyProjectileScatter_WithZeroSpreadPreservesDirection" methodname="ApplyProjectileScatter_WithZeroSpreadPreservesDirection" classname="AutomaticCannonFireLogicTests" runstate="Runnable" seed="808266036" result="Passed" start-time="2026-06-16 17:46:12Z" end-time="2026-06-16 17:46:12Z" duration="0.001050" asserts="0">
          <properties>
            <property name="retryIteration" value="0" />
            <property name="repeatIteration" value="0" />
          </properties>
        </test-case>
        <test-case id="1003" name="GetManualBurstInterval_ScalesWithAttackSpeedAndWeaponRate" fullname="AutomaticCannonFireLogicTests.GetManualBurstInterval_ScalesWithAttackSpeedAndWeaponRate" methodname="GetManualBurstInterval_ScalesWithAttackSpeedAndWeaponRate" classname="AutomaticCannonFireLogicTests" runstate="Runnable" seed="877983171" result="Passed" start-time="2026-06-16 17:46:12Z" end-time="2026-06-16 17:46:12Z" duration="0.000174" asserts="0">
          <properties>
            <property name="retryIteration" value="0" />
            <property name="repeatIteration" value="0" />
          </properties>
        </test-case>
        <test-case id="1002" name="GetManualBurstInterval_UsesConfiguredBaseVolleyRate" fullname="AutomaticCannonFireLogicTests.GetManualBurstInterval_UsesConfiguredBaseVolleyRate" methodname="GetManualBurstInterval_UsesConfiguredBaseVolleyRate" classname="AutomaticCannonFireLogicTests" runstate="Runnable" seed="892668473" result="Passed" start-time="2026-06-16 17:46:12Z" end-time="2026-06-16 17:46:12Z" duration="0.000103" asserts="0">
          <properties>
            <property name="retryIteration" value="0" />
            <property name="repeatIteration" value="0" />
          </properties>
        </test-case>
      </test-suite>
      <test-suite type="TestFixture" id="1010" name="MortarTerrainFilterTests" fullname="MortarTerrainFilterTests" classname="MortarTerrainFilterTests" runstate="Runnable" testcasecount="2" result="Passed" start-time="2026-06-16 17:46:12Z" end-time="2026-06-16 17:46:12Z" duration="0.003096" total="2" passed="2" failed="0" inconclusive="0" skipped="0" asserts="0">
        <properties />
        <test-case id="1012" name="IsValidMortarTerrainTransform_AcceptsMapGeometry" fullname="MortarTerrainFilterTests.IsValidMortarTerrainTransform_AcceptsMapGeometry" methodname="IsValidMortarTerrainTransform_AcceptsMapGeometry" classname="MortarTerrainFilterTests" runstate="Runnable" seed="1034061582" result="Passed" start-time="2026-06-16 17:46:12Z" end-time="2026-06-16 17:46:12Z" duration="0.001484" asserts="0">
          <properties>
            <property name="retryIteration" value="0" />
            <property name="repeatIteration" value="0" />
          </properties>
        </test-case>
        <test-case id="1011" name="IsValidMortarTerrainTransform_RejectsDamageableTargets" fullname="MortarTerrainFilterTests.IsValidMortarTerrainTransform_RejectsDamageableTargets" methodname="IsValidMortarTerrainTransform_RejectsDamageableTargets" classname="MortarTerrainFilterTests" runstate="Runnable" seed="1462926806" result="Passed" start-time="2026-06-16 17:46:12Z" end-time="2026-06-16 17:46:12Z" duration="0.001028" asserts="0">
          <properties>
            <property name="retryIteration" value="0" />
            <property name="repeatIteration" value="0" />
          </properties>
        </test-case>
      </test-suite>
      <test-suite type="TestFixture" id="1013" name="MortarTrajectoryTests" fullname="MortarTrajectoryTests" classname="MortarTrajectoryTests" runstate="Runnable" testcasecount="3" result="Passed" start-time="2026-06-16 17:46:12Z" end-time="2026-06-16 17:46:12Z" duration="0.001499" total="3" passed="3" failed="0" inconclusive="0" skipped="0" asserts="0">
        <properties />
        <test-case id="1015" name="Evaluate_ContinuesPastTargetAfterOne" fullname="MortarTrajectoryTests.Evaluate_ContinuesPastTargetAfterOne" methodname="Evaluate_ContinuesPastTargetAfterOne" classname="MortarTrajectoryTests" runstate="Runnable" seed="1651845880" result="Passed" start-time="2026-06-16 17:46:12Z" end-time="2026-06-16 17:46:12Z" duration="0.000413" asserts="0">
          <properties>
            <property name="retryIteration" value="0" />
            <property name="repeatIteration" value="0" />
          </properties>
        </test-case>
        <test-case id="1014" name="Evaluate_ReachesConfiguredTargetAtOne" fullname="MortarTrajectoryTests.Evaluate_ReachesConfiguredTargetAtOne" methodname="Evaluate_ReachesConfiguredTargetAtOne" classname="MortarTrajectoryTests" runstate="Runnable" seed="1877508973" result="Passed" start-time="2026-06-16 17:46:12Z" end-time="2026-06-16 17:46:12Z" duration="0.000137" asserts="0">
          <properties>
            <property name="retryIteration" value="0" />
            <property name="repeatIteration" value="0" />
          </properties>
        </test-case>
        <test-case id="1016" name="GetMaximumNormalizedTime_MatchesShellFailsafe" fullname="MortarTrajectoryTests.GetMaximumNormalizedTime_MatchesShellFailsafe" methodname="GetMaximumNormalizedTime_MatchesShellFailsafe" classname="MortarTrajectoryTests" runstate="Runnable" seed="1148315403" result="Passed" start-time="2026-06-16 17:46:12Z" end-time="2026-06-16 17:46:12Z" duration="0.000116" asserts="0">
          <properties>
            <property name="retryIteration" value="0" />
            <property name="repeatIteration" value="0" />
          </properties>
        </test-case>
      </test-suite>
      <test-suite type="TestFixture" id="1017" name="ReticlePresentationLogicTests" fullname="ReticlePresentationLogicTests" classname="ReticlePresentationLogicTests" runstate="Runnable" testcasecount="10" result="Passed" start-time="2026-06-16 17:46:12Z" end-time="2026-06-16 17:46:12Z" duration="0.002388" total="10" passed="10" failed="0" inconclusive="0" skipped="0" asserts="0">
        <properties />
        <test-suite type="ParameterizedMethod" id="1029" name="GetRocketLockProgress_NormalizesActualLocks" fullname="ReticlePresentationLogicTests.GetRocketLockProgress_NormalizesActualLocks" classname="ReticlePresentationLogicTests" runstate="Runnable" testcasecount="4" result="Passed" start-time="2026-06-16 17:46:12Z" end-time="2026-06-16 17:46:12Z" duration="0.000840" total="4" passed="4" failed="0" inconclusive="0" skipped="0" asserts="0">
          <properties />
          <test-case id="1025" name="GetRocketLockProgress_NormalizesActualLocks(5,5,10,0.0f)" fullname="ReticlePresentationLogicTests.GetRocketLockProgress_NormalizesActualLocks(5,5,10,0.0f)" methodname="GetRocketLockProgress_NormalizesActualLocks" classname="ReticlePresentationLogicTests" runstate="Runnable" seed="822113432" result="Passed" start-time="2026-06-16 17:46:12Z" end-time="2026-06-16 17:46:12Z" duration="0.000283" asserts="0">
            <properties>
              <property name="retryIteration" value="0" />
              <property name="repeatIteration" value="0" />
            </properties>
          </test-case>
          <test-case id="1026" name="GetRocketLockProgress_NormalizesActualLocks(7,5,10,0.4f)" fullname="ReticlePresentationLogicTests.GetRocketLockProgress_NormalizesActualLocks(7,5,10,0.4f)" methodname="GetRocketLockProgress_NormalizesActualLocks" classname="ReticlePresentationLogicTests" runstate="Runnable" seed="1738815328" result="Passed" start-time="2026-06-16 17:46:12Z" end-time="2026-06-16 17:46:12Z" duration="0.000041" asserts="0">
            <properties>
              <property name="retryIteration" value="0" />
              <property name="repeatIteration" value="0" />
            </properties>
          </test-case>
          <test-case id="1027" name="GetRocketLockProgress_NormalizesActualLocks(10,5,10,1.0f)" fullname="ReticlePresentationLogicTests.GetRocketLockProgress_NormalizesActualLocks(10,5,10,1.0f)" methodname="GetRocketLockProgress_NormalizesActualLocks" classname="ReticlePresentationLogicTests" runstate="Runnable" seed="442198737" result="Passed" start-time="2026-06-16 17:46:12Z" end-time="2026-06-16 17:46:12Z" duration="0.000024" asserts="0">
            <properties>
              <property name="retryIteration" value="0" />
              <property name="repeatIteration" value="0" />
            </properties>
          </test-case>
          <test-case id="1028" name="GetRocketLockProgress_NormalizesActualLocks(5,5,5,0.0f)" fullname="ReticlePresentationLogicTests.GetRocketLockProgress_NormalizesActualLocks(5,5,5,0.0f)" methodname="GetRocketLockProgress_NormalizesActualLocks" classname="ReticlePresentationLogicTests" runstate="Runnable" seed="43550955" result="Passed" start-time="2026-06-16 17:46:12Z" end-time="2026-06-16 17:46:12Z" duration="0.000024" asserts="0">
            <properties>
              <property name="retryIteration" value="0" />
              <property name="repeatIteration" value="0" />
            </properties>
          </test-case>
        </test-suite>
        <test-suite type="ParameterizedMethod" id="1024" name="ResolveMode_ReturnsExpectedMode" fullname="ReticlePresentationLogicTests.ResolveMode_ReturnsExpectedMode" classname="ReticlePresentationLogicTests" runstate="Runnable" testcasecount="6" result="Passed" start-time="2026-06-16 17:46:12Z" end-time="2026-06-16 17:46:12Z" duration="0.001082" total="6" passed="6" failed="0" inconclusive="0" skipped="0" asserts="0">
          <properties />
          <test-case id="1018" name="ResolveMode_ReturnsExpectedMode(AutomaticCannon,False,CircleDot)" fullname="ReticlePresentationLogicTests.ResolveMode_ReturnsExpectedMode(AutomaticCannon,False,CircleDot)" methodname="ResolveMode_ReturnsExpectedMode" classname="ReticlePresentationLogicTests" runstate="Runnable" seed="1707555196" result="Passed" start-time="2026-06-16 17:46:12Z" end-time="2026-06-16 17:46:12Z" duration="0.000282" asserts="0">
            <properties>
              <property name="retryIteration" value="0" />
              <property name="repeatIteration" value="0" />
            </properties>
          </test-case>
          <test-case id="1019" name="ResolveMode_ReturnsExpectedMode(RocketLauncher,False,CircleDot)" fullname="ReticlePresentationLogicTests.ResolveMode_ReturnsExpectedMode(RocketLauncher,False,CircleDot)" methodname="ResolveMode_ReturnsExpectedMode" classname="ReticlePresentationLogicTests" runstate="Runnable" seed="1491376831" result="Passed" start-time="2026-06-16 17:46:12Z" end-time="2026-06-16 17:46:12Z" duration="0.000069" asserts="0">
            <properties>
              <property name="retryIteration" value="0" />
              <property name="repeatIteration" value="0" />
            </properties>
          </test-case>
          <test-case id="1020" name="ResolveMode_ReturnsExpectedMode(RocketLauncher,True,RocketLock)" fullname="ReticlePresentationLogicTests.ResolveMode_ReturnsExpectedMode(RocketLauncher,True,RocketLock)" methodname="ResolveMode_ReturnsExpectedMode" classname="ReticlePresentationLogicTests" runstate="Runnable" seed="5492424" result="Passed" start-time="2026-06-16 17:46:12Z" end-time="2026-06-16 17:46:12Z" duration="0.000047" asserts="0">
            <properties>
              <property name="retryIteration" value="0" />
              <property name="repeatIteration" value="0" />
            </properties>
          </test-case>
          <test-case id="1021" name="ResolveMode_ReturnsExpectedMode(Mortar,False,Mortar)" fullname="ReticlePresentationLogicTests.ResolveMode_ReturnsExpectedMode(Mortar,False,Mortar)" methodname="ResolveMode_ReturnsExpectedMode" classname="ReticlePresentationLogicTests" runstate="Runnable" seed="1923998297" result="Passed" start-time="2026-06-16 17:46:12Z" end-time="2026-06-16 17:46:12Z" duration="0.000043" asserts="0">
            <properties>
              <property name="retryIteration" value="0" />
              <property name="repeatIteration" value="0" />
            </properties>
          </test-case>
          <test-case id="1022" name="ResolveMode_ReturnsExpectedMode(Flamethrower,False,WideBrackets)" fullname="ReticlePresentationLogicTests.ResolveMode_ReturnsExpectedMode(Flamethrower,False,WideBrackets)" methodname="ResolveMode_ReturnsExpectedMode" classname="ReticlePresentationLogicTests" runstate="Runnable" seed="1868368703" result="Passed" start-time="2026-06-16 17:46:12Z" end-time="2026-06-16 17:46:12Z" duration="0.000039" asserts="0">
            <properties>
              <property name="retryIteration" value="0" />
              <property name="repeatIteration" value="0" />
            </properties>
          </test-case>
          <test-case id="1023" name="ResolveMode_ReturnsExpectedMode(RotatingBlade,False,WideBrackets)" fullname="ReticlePresentationLogicTests.ResolveMode_ReturnsExpectedMode(RotatingBlade,False,WideBrackets)" methodname="ResolveMode_ReturnsExpectedMode" classname="ReticlePresentationLogicTests" runstate="Runnable" seed="120491544" result="Passed" start-time="2026-06-16 17:46:12Z" end-time="2026-06-16 17:46:12Z" duration="0.000050" asserts="0">
            <properties>
              <property name="retryIteration" value="0" />
              <property name="repeatIteration" value="0" />
            </properties>
            <output><![CDATA[Saving results to: C:/Users/franc/AppData/LocalLow/DefaultCompany/Scrap Waves\TestResults.xml
]]></output>
          </test-case>
        </test-suite>
      </test-suite>
    </test-suite>
  </test-suite>
</test-run>